<?xml version='1.0' encoding='UTF-8'?>
<testsuite hostname="digital032674-XPS-15-9560" name="suduko.SudukoSolverSpec" tests="14" errors="0" failures="0" skipped="0" time="0.011">
                     <properties>
[...]
</properties>
                     <testcase classname="suduko.SudukoSolverSpec" name="EmptyCellFinder must return the index of the empty cell in a square with one empty cell" time="0.008">
                                                 
                                               </testcase><testcase classname="suduko.SudukoSolverSpec" name="EmptyCellFinder must return the index of both empty cells in a square with two empty cells" time="0.0">
                                                 
                                               </testcase><testcase classname="suduko.SudukoSolverSpec" name="EmptyCellFinder must return the index of all empty cells in a square with some empty cells" time="0.001">
                                                 
                                               </testcase><testcase classname="suduko.SudukoSolverSpec" name="MissingNumberFromSquare must return an empty list for a square tht is complete" time="0.0">
                                                 
                                               </testcase><testcase classname="suduko.SudukoSolverSpec" name="MissingNumberFromSquare must return all the numbers for a square that is empty" time="0.0">
                                                 
                                               </testcase><testcase classname="suduko.SudukoSolverSpec" name="MissingNumberFromSquare must return the number missing from a square that is missing one number" time="0.0">
                                                 
                                               </testcase><testcase classname="suduko.SudukoSolverSpec" name="MissingNumberFromSquare must return the numbers missing from a square that is missing two numbers" time="0.0">
                                                 
                                               </testcase><testcase classname="suduko.SudukoSolverSpec" name="MissingNumberFromSquare must return the numbers missing from a unordered square that is missing two numbers" time="0.0">
                                                 
                                               </testcase><testcase classname="suduko.SudukoSolverSpec" name="missingNumbersFromColumn must return a all numbera from a given 3 empty squares, and a column position" time="0.001">
                                                 
                                               </testcase><testcase classname="suduko.SudukoSolverSpec" name="missingNumbersFromColumn must return missing numbers from a given 3 squares, and a column position" time="0.001">
                                                 
                                               </testcase><testcase classname="suduko.SudukoSolverSpec" name="missing number of row  must return missing numbers from a given 3 squares, and a column position" time="0.0">
                                                 
                                               </testcase><testcase classname="suduko.SudukoSolverSpec" name="venn diagram for cell must return the missing number from a grid that contains the rows neccicary to attain that number" time="0.0">
                                                 
                                               </testcase><testcase classname="suduko.SudukoSolverSpec" name="venn diagram for cell must Row set" time="0.0">
                                                 
                                               </testcase><testcase classname="suduko.SudukoSolverSpec" name="venn diagram for cell must column Set" time="0.0">
                                                 
                                               </testcase>
                     <system-out><![CDATA[]]></system-out>
                     <system-err><![CDATA[]]></system-err>
                   </testsuite>