<?xml version="1.0"?>
<!DOCTYPE coverage SYSTEM "http://cobertura.sourceforge.net/xml/coverage-04.dtd">
<coverage 
line-rate="0.56" lines-valid="128" lines-covered="72" branches-valid="8" branches-covered="3" branch-rate="0.38" complexity="0" version="1.0" timestamp="1524239189043">
    <sources>
        <source>--source</source>
        <source>/home/Solve/src/main/scala</source>
    </sources>
    <packages>
        <package name="suduko" line-rate="0.56" branch-rate="0.38" complexity="0">
            <classes>
                <class name="suduko.Square" filename="suduko/Square.scala" line-rate="0.60" branch-rate="1.00" complexity="0">
                    <methods>
                        <method name="suduko/Square/top" signature="()V" line-rate="0.00" branch-rate="0.00" complexity="0">
                            <lines>
                                <line number="10" hits="0" branch="false"/>
                            </lines>
                        </method>
                        <method name="suduko/Square/bottom" signature="()V" line-rate="0.00" branch-rate="0.00" complexity="0">
                            <lines>
                                <line number="12" hits="0" branch="false"/>
                            </lines>
                        </method>
                        <method name="suduko/Square/left" signature="()V" line-rate="1.00" branch-rate="1.00" complexity="0">
                            <lines>
                                <line number="6" hits="1" branch="false"/>
                                <line number="6" hits="1" branch="false"/>
                                <line number="6" hits="1" branch="false"/>
                                <line number="6" hits="1" branch="false"/>
                            </lines>
                        </method>
                        <method name="suduko/Square/right" signature="()V" line-rate="0.00" branch-rate="0.00" complexity="0">
                            <lines>
                                <line number="8" hits="0" branch="false"/>
                                <line number="8" hits="0" branch="false"/>
                                <line number="8" hits="0" branch="false"/>
                                <line number="8" hits="0" branch="false"/>
                            </lines>
                        </method>
                        <method name="suduko/Square/middle" signature="()V" line-rate="1.00" branch-rate="1.00" complexity="0">
                            <lines>
                                <line number="11" hits="1" branch="false"/>
                            </lines>
                        </method>
                        <method name="suduko/Square/centre" signature="()V" line-rate="1.00" branch-rate="1.00" complexity="0">
                            <lines>
                                <line number="7" hits="1" branch="false"/>
                                <line number="7" hits="1" branch="false"/>
                                <line number="7" hits="1" branch="false"/>
                                <line number="7" hits="1" branch="false"/>
                            </lines>
                        </method>
                    </methods>
                    <lines>
                        <line number="7" hits="1" branch="false"/>
                        <line number="8" hits="0" branch="false"/>
                        <line number="6" hits="1" branch="false"/>
                        <line number="7" hits="1" branch="false"/>
                        <line number="11" hits="1" branch="false"/>
                        <line number="10" hits="0" branch="false"/>
                        <line number="6" hits="1" branch="false"/>
                        <line number="7" hits="1" branch="false"/>
                        <line number="8" hits="0" branch="false"/>
                        <line number="6" hits="1" branch="false"/>
                        <line number="8" hits="0" branch="false"/>
                        <line number="6" hits="1" branch="false"/>
                        <line number="8" hits="0" branch="false"/>
                        <line number="12" hits="0" branch="false"/>
                        <line number="7" hits="1" branch="false"/>
                    </lines>
                </class>
                <class 
                name="suduko.SudukoSolver" filename="suduko/SudukoSolver.scala" line-rate="0.56" branch-rate="0.38" complexity="0">
                    <methods>
                        <method 
                        name="suduko/SudukoSolver/missingNumbersFromRow" signature="()V" line-rate="0.36" branch-rate="1.00" complexity="0">
                            <lines>
                                <line number="32" hits="0" branch="false"/>
                                <line number="30" hits="1" branch="false"/>
                                <line number="28" hits="0" branch="false"/>
                                <line number="33" hits="0" branch="false"/>
                                <line number="28" hits="0" branch="false"/>
                                <line number="31" hits="1" branch="false"/>
                                <line number="29" hits="0" branch="false"/>
                                <line number="31" hits="1" branch="false"/>
                                <line number="31" hits="1" branch="false"/>
                                <line number="33" hits="0" branch="false"/>
                                <line number="32" hits="0" branch="false"/>
                                <line number="30" hits="1" branch="false"/>
                                <line number="26" hits="1" branch="false"/>
                                <line number="30" hits="1" branch="false"/>
                                <line number="33" hits="0" branch="false"/>
                                <line number="28" hits="0" branch="false"/>
                                <line number="29" hits="0" branch="false"/>
                                <line number="33" hits="0" branch="false"/>
                                <line number="31" hits="1" branch="false"/>
                                <line number="29" hits="0" branch="false"/>
                                <line number="32" hits="0" branch="false"/>
                                <line number="29" hits="0" branch="false"/>
                                <line number="30" hits="1" branch="false"/>
                                <line number="32" hits="0" branch="false"/>
                                <line number="28" hits="0" branch="false"/>
                            </lines>
</method>
                        <method name="suduko/SudukoSolver/parser" signature="()V" line-rate="0.00" branch-rate="0.00" complexity="0">
                            <lines>
                                <line number="75" hits="0" branch="false"/>
                            </lines>
                        </method>
                        <method 
                        name="suduko/SudukoSolver/missingNumberFromSquareFinder" signature="()V" line-rate="1.00" branch-rate="1.00" complexity="0">
                            <lines>
                                <line number="19" hits="1" branch="false"/>
                                <line number="21" hits="1" branch="false"/>
                                <line number="21" hits="1" branch="false"/>
                                <line number="20" hits="1" branch="false"/>
                                <line number="21" hits="1" branch="false"/>
                                <line number="21" hits="1" branch="false"/>
                                <line number="22" hits="1" branch="false"/>
                                <line number="19" hits="1" branch="false"/>
                            </lines>
</method>
                        <method 
                        name="suduko/SudukoSolver/missingNumbersFromColumn" signature="()V" line-rate="0.68" branch-rate="1.00" complexity="0">
                            <lines>
                                <line number="47" hits="0" branch="false"/>
                                <line number="40" hits="1" branch="false"/>
                                <line number="44" hits="1" branch="false"/>
                                <line number="41" hits="1" branch="false"/>
                                <line number="47" hits="0" branch="false"/>
                                <line number="44" hits="1" branch="false"/>
                                <line number="46" hits="0" branch="false"/>
                                <line number="38" hits="1" branch="false"/>
                                <line number="43" hits="1" branch="false"/>
                                <line number="41" hits="1" branch="false"/>
                                <line number="46" hits="0" branch="false"/>
                                <line number="40" hits="1" branch="false"/>
                                <line number="43" hits="1" branch="false"/>
                                <line number="46" hits="0" branch="false"/>
                                <line number="47" hits="0" branch="false"/>
                                <line number="44" hits="1" branch="false"/>
                                <line number="41" hits="1" branch="false"/>
                                <line number="40" hits="1" branch="false"/>
                                <line number="44" hits="1" branch="false"/>
                                <line number="47" hits="0" branch="false"/>
                                <line number="41" hits="1" branch="false"/>
                                <line number="45" hits="1" branch="false"/>
                                <line number="40" hits="1" branch="false"/>
                                <line number="46" hits="0" branch="false"/>
                                <line number="43" hits="1" branch="false"/>
                            </lines>
</method>
                        <method 
                        name="suduko/SudukoSolver/vennDiagramForCell" signature="()V" line-rate="0.48" branch-rate="0.38" complexity="0">
                            <lines>
                                <line number="55" hits="0" branch="false"/>
                                <line number="59" hits="0" branch="false"/>
                                <line number="53" hits="1" branch="false"/>
                                <line number="60" hits="0" branch="false"/>
                                <line number="65" hits="0" branch="false"/>
                                <line number="58" hits="1" branch="false"/>
                                <line number="59" hits="0" branch="false"/>
                                <line number="67" hits="1" branch="false"/>
                                <line number="54" hits="0" branch="false"/>
                                <line number="63" hits="0" branch="false"/>
                                <line number="69" hits="1" branch="false"/>
                                <line number="54" hits="0" branch="false"/>
                                <line number="64" hits="1" branch="false"/>
                                <line number="58" hits="1" branch="false"/>
                                <line number="60" hits="0" branch="false"/>
                                <line number="68" hits="1" branch="false"/>
                                <line number="60" hits="0" branch="false"/>
                                <line number="64" hits="1" branch="false"/>
                                <line number="65" hits="0" branch="false"/>
                                <line number="59" hits="0" branch="false"/>
                                <line number="60" hits="0" branch="false"/>
                                <line number="53" hits="1" branch="false"/>
                                <line number="55" hits="0" branch="false"/>
                                <line number="53" hits="1" branch="false"/>
                                <line number="58" hits="1" branch="false"/>
                                <line number="67" hits="1" branch="false"/>
                                <line number="59" hits="0" branch="false"/>
                                <line number="63" hits="1" branch="false"/>
                                <line number="58" hits="1" branch="false"/>
                                <line number="54" hits="0" branch="false"/>
                                <line number="64" hits="1" branch="false"/>
                                <line number="54" hits="0" branch="false"/>
                                <line number="58" hits="1" branch="false"/>
                                <line number="59" hits="0" branch="false"/>
                                <line number="68" hits="1" branch="false"/>
                                <line number="63" hits="0" branch="false"/>
                                <line number="55" hits="0" branch="false"/>
                                <line number="58" hits="1" branch="false"/>
                                <line number="52" hits="1" branch="false"/>
                                <line number="70" hits="1" branch="false"/>
                                <line number="60" hits="0" branch="false"/>
                                <line number="64" hits="1" branch="false"/>
                                <line number="53" hits="1" branch="false"/>
                                <line number="55" hits="0" branch="false"/>
                                <line number="59" hits="0" branch="false"/>
                                <line number="59" hits="0" branch="false"/>
                            </lines>
</method>
                        <method name="suduko/SudukoSolver/placer" signature="()V" line-rate="0.00" branch-rate="0.00" complexity="0">
                            <lines>
                                <line number="73" hits="0" branch="false"/>
                            </lines>
                        </method>
                        <method name="suduko/SudukoSolver/findEmptyCell" signature="()V" line-rate="1.00" branch-rate="1.00" complexity="0">
                            <lines>
                                <line number="14" hits="1" branch="false"/>
                                <line number="15" hits="1" branch="false"/>
                                <line number="15" hits="1" branch="false"/>
                                <line number="13" hits="1" branch="false"/>
                                <line number="14" hits="1" branch="false"/>
                                <line number="14" hits="1" branch="false"/>
                                <line number="15" hits="1" branch="false"/>
                            </lines>
                        </method>
                    </methods>
                    <lines>
                        <line number="55" hits="0" branch="false"/>
                        <line number="59" hits="0" branch="false"/>
                        <line number="53" hits="1" branch="false"/>
                        <line number="60" hits="0" branch="false"/>
                        <line number="65" hits="0" branch="false"/>
                        <line number="75" hits="0" branch="false"/>
                        <line number="58" hits="1" branch="false"/>
                        <line number="19" hits="1" branch="false"/>
                        <line number="59" hits="0" branch="false"/>
                        <line number="67" hits="1" branch="false"/>
                        <line number="54" hits="0" branch="false"/>
                        <line number="47" hits="0" branch="false"/>
                        <line number="32" hits="0" branch="false"/>
                        <line number="40" hits="1" branch="false"/>
                        <line number="63" hits="0" branch="false"/>
                        <line number="30" hits="1" branch="false"/>
                        <line number="28" hits="0" branch="false"/>
                        <line number="44" hits="1" branch="false"/>
                        <line number="33" hits="0" branch="false"/>
                        <line number="41" hits="1" branch="false"/>
                        <line number="28" hits="0" branch="false"/>
                        <line number="31" hits="1" branch="false"/>
                        <line number="14" hits="1" branch="false"/>
                        <line number="21" hits="1" branch="false"/>
                        <line number="69" hits="1" branch="false"/>
                        <line number="54" hits="0" branch="false"/>
                        <line number="47" hits="0" branch="false"/>
                        <line number="64" hits="1" branch="false"/>
                        <line number="44" hits="1" branch="false"/>
                        <line number="58" hits="1" branch="false"/>
                        <line number="60" hits="0" branch="false"/>
                        <line number="46" hits="0" branch="false"/>
                        <line number="38" hits="1" branch="false"/>
                        <line number="21" hits="1" branch="false"/>
                        <line number="29" hits="0" branch="false"/>
                        <line number="31" hits="1" branch="false"/>
                        <line number="15" hits="1" branch="false"/>
                        <line number="43" hits="1" branch="false"/>
                        <line number="68" hits="1" branch="false"/>
                        <line number="60" hits="0" branch="false"/>
                        <line number="64" hits="1" branch="false"/>
                        <line number="31" hits="1" branch="false"/>
                        <line number="65" hits="0" branch="false"/>
                        <line number="73" hits="0" branch="false"/>
                        <line number="59" hits="0" branch="false"/>
                        <line number="60" hits="0" branch="false"/>
                        <line number="53" hits="1" branch="false"/>
                        <line number="55" hits="0" branch="false"/>
                        <line number="33" hits="0" branch="false"/>
                        <line number="41" hits="1" branch="false"/>
                        <line number="46" hits="0" branch="false"/>
                        <line number="40" hits="1" branch="false"/>
                        <line number="43" hits="1" branch="false"/>
                        <line number="53" hits="1" branch="false"/>
                        <line number="58" hits="1" branch="false"/>
                        <line number="32" hits="0" branch="false"/>
                        <line number="30" hits="1" branch="false"/>
                        <line number="67" hits="1" branch="false"/>
                        <line number="15" hits="1" branch="false"/>
                        <line number="59" hits="0" branch="false"/>
                        <line number="26" hits="1" branch="false"/>
                        <line number="46" hits="0" branch="false"/>
                        <line number="63" hits="1" branch="false"/>
                        <line number="13" hits="1" branch="false"/>
                        <line number="58" hits="1" branch="false"/>
                        <line number="47" hits="0" branch="false"/>
                        <line number="54" hits="0" branch="false"/>
                        <line number="44" hits="1" branch="false"/>
                        <line number="30" hits="1" branch="false"/>
                        <line number="33" hits="0" branch="false"/>
                        <line number="20" hits="1" branch="false"/>
                        <line number="28" hits="0" branch="false"/>
                        <line number="41" hits="1" branch="false"/>
                        <line number="29" hits="0" branch="false"/>
                        <line number="21" hits="1" branch="false"/>
                        <line number="14" hits="1" branch="false"/>
                        <line number="64" hits="1" branch="false"/>
                        <line number="40" hits="1" branch="false"/>
                        <line number="54" hits="0" branch="false"/>
                        <line number="58" hits="1" branch="false"/>
                        <line number="59" hits="0" branch="false"/>
                        <line number="68" hits="1" branch="false"/>
                        <line number="63" hits="0" branch="false"/>
                        <line number="44" hits="1" branch="false"/>
                        <line number="47" hits="0" branch="false"/>
                        <line number="55" hits="0" branch="false"/>
                        <line number="58" hits="1" branch="false"/>
                        <line number="41" hits="1" branch="false"/>
                        <line number="33" hits="0" branch="false"/>
                        <line number="31" hits="1" branch="false"/>
                        <line number="52" hits="1" branch="false"/>
                        <line number="45" hits="1" branch="false"/>
                        <line number="70" hits="1" branch="false"/>
                        <line number="21" hits="1" branch="false"/>
                        <line number="29" hits="0" branch="false"/>
                        <line number="60" hits="0" branch="false"/>
                        <line number="64" hits="1" branch="false"/>
                        <line number="14" hits="1" branch="false"/>
                        <line number="40" hits="1" branch="false"/>
                        <line number="15" hits="1" branch="false"/>
                        <line number="32" hits="0" branch="false"/>
                        <line number="53" hits="1" branch="false"/>
                        <line number="55" hits="0" branch="false"/>
                        <line number="59" hits="0" branch="false"/>
                        <line number="46" hits="0" branch="false"/>
                        <line number="22" hits="1" branch="false"/>
                        <line number="29" hits="0" branch="false"/>
                        <line number="59" hits="0" branch="false"/>
                        <line number="43" hits="1" branch="false"/>
                        <line number="30" hits="1" branch="false"/>
                        <line number="32" hits="0" branch="false"/>
                        <line number="19" hits="1" branch="false"/>
                        <line number="28" hits="0" branch="false"/>
                    </lines>
</class>
            </classes>
        </package>
    </packages>
</coverage>
